<?xml version="1.0" encoding="UTF-8"?>
<testsuite name="com.restful.booker.CreateBookingDataDrivenTest" time="0.001" tests="4" errors="4" skipped="0" failures="0">
  <properties>
    <property name="idea.version" value="2022.3.2"/>
    <property name="java.runtime.name" value="Java(TM) SE Runtime Environment"/>
    <property name="sun.boot.library.path" value="C:\Program Files\Java\jdk1.8.0_121\jre\bin"/>
    <property name="java.vm.version" value="25.121-b13"/>
    <property name="java.vm.vendor" value="Oracle Corporation"/>
    <property name="maven.multiModuleProjectDirectory" value="C:\Users\pares\IdeaProjects\restful-booker-serenity-project"/>
    <property name="java.vendor.url" value="http://java.oracle.com/"/>
    <property name="path.separator" value=";"/>
    <property name="guice.disable.misplaced.annotation.check" value="true"/>
    <property name="java.vm.name" value="Java HotSpot(TM) 64-Bit Server VM"/>
    <property name="file.encoding.pkg" value="sun.io"/>
    <property name="user.script" value=""/>
    <property name="user.country" value="GB"/>
    <property name="sun.java.launcher" value="SUN_STANDARD"/>
    <property name="sun.os.patch.level" value=""/>
    <property name="java.vm.specification.name" value="Java Virtual Machine Specification"/>
    <property name="user.dir" value="C:\Users\pares\IdeaProjects\restful-booker-serenity-project"/>
    <property name="java.runtime.version" value="1.8.0_121-b13"/>
    <property name="java.awt.graphicsenv" value="sun.awt.Win32GraphicsEnvironment"/>
    <property name="java.endorsed.dirs" value="C:\Program Files\Java\jdk1.8.0_121\jre\lib\endorsed"/>
    <property name="os.arch" value="amd64"/>
    <property name="java.io.tmpdir" value="C:\Users\pares\AppData\Local\Temp\"/>
    <property name="line.separator" value="&#10;"/>
    <property name="java.vm.specification.vendor" value="Oracle Corporation"/>
    <property name="user.variant" value=""/>
    <property name="os.name" value="Windows 10"/>
    <property name="maven.ext.class.path" value="C:\Program Files\JetBrains\IntelliJ IDEA Community Edition 2022.3.2\plugins\maven\lib\maven-event-listener.jar"/>
    <property name="classworlds.conf" value="C:\Program Files\JetBrains\IntelliJ IDEA Community Edition 2022.3.2\plugins\maven\lib\maven3\bin\m2.conf"/>
    <property name="sun.jnu.encoding" value="Cp1252"/>
    <property name="java.library.path" value="C:\Program Files\Java\jdk1.8.0_121\bin;C:\WINDOWS\Sun\Java\bin;C:\WINDOWS\system32;C:\WINDOWS;C:\Program Files (x86)\Common Files\Oracle\Java\javapath;C:\ProgramData\Oracle\Java\javapath;C:\WINDOWS\system32;C:\WINDOWS;C:\WINDOWS\System32\Wbem;C:\WINDOWS\System32\WindowsPowerShell\v1.0\;C:\WINDOWS\System32\OpenSSH\;C:\Program Files\Git\cmd;C:\Program Files\Apache\apache-maven-3.9.1\bin;C:\Program Files\Apache\apache-maven-3.9.1\bin;C:\Program Files\Java\jdk1.8.0_121\bin;C:\Program Files\nodejs\;C:\Users\pares\AppData\Local\Microsoft\WindowsApps;C:\Users\pares\AppData\Roaming\npm;."/>
    <property name="jansi.passthrough" value="true"/>
    <property name="maven.conf" value="C:\Program Files\JetBrains\IntelliJ IDEA Community Edition 2022.3.2\plugins\maven\lib\maven3/conf"/>
    <property name="java.specification.name" value="Java Platform API Specification"/>
    <property name="java.class.version" value="52.0"/>
    <property name="sun.management.compiler" value="HotSpot 64-Bit Tiered Compilers"/>
    <property name="os.version" value="10.0"/>
    <property name="user.home" value="C:\Users\pares"/>
    <property name="tags" value="regression"/>
    <property name="user.timezone" value="Europe/London"/>
    <property name="java.awt.printerjob" value="sun.awt.windows.WPrinterJob"/>
    <property name="java.specification.version" value="1.8"/>
    <property name="file.encoding" value="UTF-8"/>
    <property name="user.name" value="pares"/>
    <property name="java.class.path" value="C:\Program Files\JetBrains\IntelliJ IDEA Community Edition 2022.3.2\plugins\maven\lib\maven3\boot\plexus-classworlds-2.6.0.jar;C:\Program Files\JetBrains\IntelliJ IDEA Community Edition 2022.3.2\plugins\maven\lib\maven3\boot\plexus-classworlds.license;C:\Program Files\JetBrains\IntelliJ IDEA Community Edition 2022.3.2\lib\idea_rt.jar"/>
    <property name="java.vm.specification.version" value="1.8"/>
    <property name="sun.arch.data.model" value="64"/>
    <property name="java.home" value="C:\Program Files\Java\jdk1.8.0_121\jre"/>
    <property name="sun.java.command" value="org.codehaus.classworlds.Launcher -Didea.version=2022.3.2 compile verify -Dtags=regression serenity:aggregate"/>
    <property name="java.specification.vendor" value="Oracle Corporation"/>
    <property name="user.language" value="en"/>
    <property name="awt.toolkit" value="sun.awt.windows.WToolkit"/>
    <property name="java.vm.info" value="mixed mode"/>
    <property name="java.version" value="1.8.0_121"/>
    <property name="java.ext.dirs" value="C:\Program Files\Java\jdk1.8.0_121\jre\lib\ext;C:\WINDOWS\Sun\Java\lib\ext"/>
    <property name="sun.boot.class.path" value="C:\Program Files\Java\jdk1.8.0_121\jre\lib\resources.jar;C:\Program Files\Java\jdk1.8.0_121\jre\lib\rt.jar;C:\Program Files\Java\jdk1.8.0_121\jre\lib\sunrsasign.jar;C:\Program Files\Java\jdk1.8.0_121\jre\lib\jsse.jar;C:\Program Files\Java\jdk1.8.0_121\jre\lib\jce.jar;C:\Program Files\Java\jdk1.8.0_121\jre\lib\charsets.jar;C:\Program Files\Java\jdk1.8.0_121\jre\lib\jfr.jar;C:\Program Files\Java\jdk1.8.0_121\jre\classes"/>
    <property name="java.vendor" value="Oracle Corporation"/>
    <property name="maven.home" value="C:\Program Files\JetBrains\IntelliJ IDEA Community Edition 2022.3.2\plugins\maven\lib\maven3"/>
    <property name="file.separator" value="\"/>
    <property name="java.vendor.url.bug" value="http://bugreport.sun.com/bugreport/"/>
    <property name="sun.cpu.endian" value="little"/>
    <property name="sun.io.unicode.encoding" value="UnicodeLittle"/>
    <property name="sun.desktop" value="windows"/>
    <property name="sun.cpu.isalist" value="amd64"/>
  </properties>
  <testcase name="test001" classname="com.restful.booker.CreateBookingDataDrivenTest" time="0.001">
    <error type="java.lang.NullPointerException:">java.lang.NullPointerException: null
	at com.restful.booker.CreateBookingDataDrivenTest.test001(CreateBookingDataDrivenTest.java:33)
</error>
    <system-err><![CDATA[6113 [main] INFO net.serenitybdd.core.Serenity - 
        __    _____ _____ ____ _____   ____   _    ____  ____  _____ ____  
  _     \ \  |_   _| ____/ ___|_   _| |  _ \ / \  / ___|/ ___|| ____|  _ \ 
 (_)_____| |   | | |  _| \___ \ | |   | |_) / _ \ \___ \\___ \|  _| | | | |
  _|_____| |   | | | |___ ___) || |   |  __/ ___ \ ___) |___) | |___| |_| |
 (_)     | |   |_| |_____|____/ |_|   |_| /_/   \_\____/|____/|_____|____/ 
        /_/                                                                

TEST PASSED: This test will delete booking information in the application
----------------------------------------------------------------------------
6165 [pool-1-thread-3] INFO net.thucydides.core.reports.json.JSONTestOutcomeReporter - Generating JSON report for This test will add new booking information to application and verify the booking has been added by bookingid to file C:\Users\pares\IdeaProjects\restful-booker-serenity-project\target\site\serenity\b6a2ace1af86e27ee18878618b815c54a1b9051023618248f441ff32fcc6d863.json (using temp file C:\Users\pares\IdeaProjects\restful-booker-serenity-project\target\site\serenity\b6a2ace1af86e27ee18878618b815c54a1b9051023618248f441ff32fcc6d863.jsonfb071945-673a-4b44-a886-a9ed250ed8c8)
6165 [pool-1-thread-4] INFO net.thucydides.core.reports.json.JSONTestOutcomeReporter - Generating JSON report for This test get single booking information by id  to file C:\Users\pares\IdeaProjects\restful-booker-serenity-project\target\site\serenity\231952ecdc4dcad2b3f25719ed0932cb5f3c155edf7afd3b90ad9322d6341a28.json (using temp file C:\Users\pares\IdeaProjects\restful-booker-serenity-project\target\site\serenity\231952ecdc4dcad2b3f25719ed0932cb5f3c155edf7afd3b90ad9322d6341a28.json7a7d7ff5-8244-4c9e-a01a-d335f9f13e65)
6165 [pool-1-thread-7] INFO net.thucydides.core.reports.json.JSONTestOutcomeReporter - Generating JSON report for This test will delete booking information in the application to file C:\Users\pares\IdeaProjects\restful-booker-serenity-project\target\site\serenity\27dae8483f4e9df6c6dabd86c7acbc3da48ca89044e088e3d58230e03f716850.json (using temp file C:\Users\pares\IdeaProjects\restful-booker-serenity-project\target\site\serenity\27dae8483f4e9df6c6dabd86c7acbc3da48ca89044e088e3d58230e03f716850.json3c68bb7b-5ff3-400b-9701-689614bfc007)
6165 [pool-1-thread-2] INFO net.thucydides.core.reports.json.JSONTestOutcomeReporter - Generating JSON report for This test will get all booking ids to file C:\Users\pares\IdeaProjects\restful-booker-serenity-project\target\site\serenity\f8cc19e8f23c49e026da1a503ee27798359bebf5d94c7390550e964544ca9406.json (using temp file C:\Users\pares\IdeaProjects\restful-booker-serenity-project\target\site\serenity\f8cc19e8f23c49e026da1a503ee27798359bebf5d94c7390550e964544ca9406.jsond6059773-c390-41ea-a310-d3551a103f01)
6166 [pool-1-thread-6] INFO net.thucydides.core.reports.json.JSONTestOutcomeReporter - Generating JSON report for This test will only partially update booking information to application by bookingid to file C:\Users\pares\IdeaProjects\restful-booker-serenity-project\target\site\serenity\b01dfdff0ea039b82799ab5d32c72ead6a6453db8f3c8f46ca551531cc9a84f1.json (using temp file C:\Users\pares\IdeaProjects\restful-booker-serenity-project\target\site\serenity\b01dfdff0ea039b82799ab5d32c72ead6a6453db8f3c8f46ca551531cc9a84f1.jsoneedebe01-d4ce-412b-b7e4-f0b35f5dd8db)
6166 [pool-1-thread-5] INFO net.thucydides.core.reports.json.JSONTestOutcomeReporter - Generating JSON report for This test will update existing booking information and verify the booking has been updated by booking id  to file C:\Users\pares\IdeaProjects\restful-booker-serenity-project\target\site\serenity\9aa9392b1c47b6b0377e3fedd5ffc05ce5aebfda07560ecd8100e4ab84fa11c5.json (using temp file C:\Users\pares\IdeaProjects\restful-booker-serenity-project\target\site\serenity\9aa9392b1c47b6b0377e3fedd5ffc05ce5aebfda07560ecd8100e4ab84fa11c5.json2daa15b0-c1eb-46a4-9548-7ba6c7896dd2)
6167 [pool-1-thread-1] INFO net.thucydides.core.reports.json.JSONTestOutcomeReporter - Generating JSON report for This test will generate token to file C:\Users\pares\IdeaProjects\restful-booker-serenity-project\target\site\serenity\8b7bfb83ce154c5cbc24ee5011abc2e34da2e0bdc274555692c5de88a6ea1aa1.json (using temp file C:\Users\pares\IdeaProjects\restful-booker-serenity-project\target\site\serenity\8b7bfb83ce154c5cbc24ee5011abc2e34da2e0bdc274555692c5de88a6ea1aa1.json79c189a1-e73c-448f-a0bf-5862237234b4)
6274 [pool-2-thread-3] INFO net.thucydides.core.reports.html.HtmlAcceptanceTestReporter - GENERATING HTML REPORT FOR Booking CRUD test:test003 in b6a2ace1af86e27ee18878618b815c54a1b9051023618248f441ff32fcc6d863.html in directory target\site\serenity  
6274 [pool-2-thread-2] INFO net.thucydides.core.reports.html.HtmlAcceptanceTestReporter - GENERATING HTML REPORT FOR Booking CRUD test:test002 in f8cc19e8f23c49e026da1a503ee27798359bebf5d94c7390550e964544ca9406.html in directory target\site\serenity  
6274 [pool-2-thread-6] INFO net.thucydides.core.reports.html.HtmlAcceptanceTestReporter - GENERATING HTML REPORT FOR Booking CRUD test:test006 in b01dfdff0ea039b82799ab5d32c72ead6a6453db8f3c8f46ca551531cc9a84f1.html in directory target\site\serenity  
6274 [pool-2-thread-1] INFO net.thucydides.core.reports.html.HtmlAcceptanceTestReporter - GENERATING HTML REPORT FOR Booking CRUD test:test001 in 8b7bfb83ce154c5cbc24ee5011abc2e34da2e0bdc274555692c5de88a6ea1aa1.html in directory target\site\serenity  
6274 [pool-2-thread-7] INFO net.thucydides.core.reports.html.HtmlAcceptanceTestReporter - GENERATING HTML REPORT FOR Booking CRUD test:test007 in 27dae8483f4e9df6c6dabd86c7acbc3da48ca89044e088e3d58230e03f716850.html in directory target\site\serenity  
6274 [pool-2-thread-5] INFO net.thucydides.core.reports.html.HtmlAcceptanceTestReporter - GENERATING HTML REPORT FOR Booking CRUD test:test005 in 9aa9392b1c47b6b0377e3fedd5ffc05ce5aebfda07560ecd8100e4ab84fa11c5.html in directory target\site\serenity  
6274 [pool-2-thread-4] INFO net.thucydides.core.reports.html.HtmlAcceptanceTestReporter - GENERATING HTML REPORT FOR Booking CRUD test:test004 in 231952ecdc4dcad2b3f25719ed0932cb5f3c155edf7afd3b90ad9322d6341a28.html in directory target\site\serenity  
]]></system-err>
  </testcase>
  <testcase name="test002" classname="com.restful.booker.CreateBookingDataDrivenTest" time="0">
    <error type="java.lang.NullPointerException:">java.lang.NullPointerException: null
	at com.restful.booker.CreateBookingDataDrivenTest.test002(CreateBookingDataDrivenTest.java:42)
</error>
  </testcase>
  <testcase name="test003" classname="com.restful.booker.CreateBookingDataDrivenTest" time="0">
    <error type="java.lang.NullPointerException:">java.lang.NullPointerException: null
	at com.restful.booker.CreateBookingDataDrivenTest.test003(CreateBookingDataDrivenTest.java:51)
</error>
  </testcase>
  <testcase name="test004" classname="com.restful.booker.CreateBookingDataDrivenTest" time="0">
    <error type="java.lang.NullPointerException:">java.lang.NullPointerException: null
	at com.restful.booker.CreateBookingDataDrivenTest.test004(CreateBookingDataDrivenTest.java:58)
</error>
  </testcase>
</testsuite>