<?xml version="1.0" encoding="UTF-8"?>
<testsuite name="com.restful.booker.CreateBookingDataDrivenTest" time="0.001" tests="4" errors="4" skipped="0" failures="0">
  <properties>
[...]
</properties>
  <testcase name="test001" classname="com.restful.booker.CreateBookingDataDrivenTest" time="0.001">
    <error type="java.lang.NullPointerException:">java.lang.NullPointerException: null
	at com.restful.booker.CreateBookingDataDrivenTest.test001(CreateBookingDataDrivenTest.java:33)
</error>
    <system-err><![CDATA[6113 [main] INFO net.serenitybdd.core.Serenity - 
        __    _____ _____ ____ _____   ____   _    ____  ____  _____ ____  
  _     \ \  |_   _| ____/ ___|_   _| |  _ \ / \  / ___|/ ___|| ____|  _ \ 
 (_)_____| |   | | |  _| \___ \ | |   | |_) / _ \ \___ \\___ \|  _| | | | |
  _|_____| |   | | | |___ ___) || |   |  __/ ___ \ ___) |___) | |___| |_| |
 (_)     | |   |_| |_____|____/ |_|   |_| /_/   \_\____/|____/|_____|____/ 
        /_/                                                                

TEST PASSED: This test will delete booking information in the application
----------------------------------------------------------------------------
6165 [pool-1-thread-3] INFO net.thucydides.core.reports.json.JSONTestOutcomeReporter - Generating JSON report for This test will add new booking information to application and verify the booking has been added by bookingid to file C:\Users\pares\IdeaProjects\restful-booker-serenity-project\target\site\serenity\b6a2ace1af86e27ee18878618b815c54a1b9051023618248f441ff32fcc6d863.json (using temp file C:\Users\pares\IdeaProjects\restful-booker-serenity-project\target\site\serenity\b6a2ace1af86e27ee18878618b815c54a1b9051023618248f441ff32fcc6d863.jsonfb071945-673a-4b44-a886-a9ed250ed8c8)
6165 [pool-1-thread-4] INFO net.thucydides.core.reports.json.JSONTestOutcomeReporter - Generating JSON report for This test get single booking information by id  to file C:\Users\pares\IdeaProjects\restful-booker-serenity-project\target\site\serenity\231952ecdc4dcad2b3f25719ed0932cb5f3c155edf7afd3b90ad9322d6341a28.json (using temp file C:\Users\pares\IdeaProjects\restful-booker-serenity-project\target\site\serenity\231952ecdc4dcad2b3f25719ed0932cb5f3c155edf7afd3b90ad9322d6341a28.json7a7d7ff5-8244-4c9e-a01a-d335f9f13e65)
6165 [pool-1-thread-7] INFO net.thucydides.core.reports.json.JSONTestOutcomeReporter - Generating JSON report for This test will delete booking information in the application to file C:\Users\pares\IdeaProjects\restful-booker-serenity-project\target\site\serenity\27dae8483f4e9df6c6dabd86c7acbc3da48ca89044e088e3d58230e03f716850.json (using temp file C:\Users\pares\IdeaProjects\restful-booker-serenity-project\target\site\serenity\27dae8483f4e9df6c6dabd86c7acbc3da48ca89044e088e3d58230e03f716850.json3c68bb7b-5ff3-400b-9701-689614bfc007)
6165 [pool-1-thread-2] INFO net.thucydides.core.reports.json.JSONTestOutcomeReporter - Generating JSON report for This test will get all booking ids to file C:\Users\pares\IdeaProjects\restful-booker-serenity-project\target\site\serenity\f8cc19e8f23c49e026da1a503ee27798359bebf5d94c7390550e964544ca9406.json (using temp file C:\Users\pares\IdeaProjects\restful-booker-serenity-project\target\site\serenity\f8cc19e8f23c49e026da1a503ee27798359bebf5d94c7390550e964544ca9406.jsond6059773-c390-41ea-a310-d3551a103f01)
6166 [pool-1-thread-6] INFO net.thucydides.core.reports.json.JSONTestOutcomeReporter - Generating JSON report for This test will only partially update booking information to application by bookingid to file C:\Users\pares\IdeaProjects\restful-booker-serenity-project\target\site\serenity\b01dfdff0ea039b82799ab5d32c72ead6a6453db8f3c8f46ca551531cc9a84f1.json (using temp file C:\Users\pares\IdeaProjects\restful-booker-serenity-project\target\site\serenity\b01dfdff0ea039b82799ab5d32c72ead6a6453db8f3c8f46ca551531cc9a84f1.jsoneedebe01-d4ce-412b-b7e4-f0b35f5dd8db)
6166 [pool-1-thread-5] INFO net.thucydides.core.reports.json.JSONTestOutcomeReporter - Generating JSON report for This test will update existing booking information and verify the booking has been updated by booking id  to file C:\Users\pares\IdeaProjects\restful-booker-serenity-project\target\site\serenity\9aa9392b1c47b6b0377e3fedd5ffc05ce5aebfda07560ecd8100e4ab84fa11c5.json (using temp file C:\Users\pares\IdeaProjects\restful-booker-serenity-project\target\site\serenity\9aa9392b1c47b6b0377e3fedd5ffc05ce5aebfda07560ecd8100e4ab84fa11c5.json2daa15b0-c1eb-46a4-9548-7ba6c7896dd2)
6167 [pool-1-thread-1] INFO net.thucydides.core.reports.json.JSONTestOutcomeReporter - Generating JSON report for This test will generate token to file C:\Users\pares\IdeaProjects\restful-booker-serenity-project\target\site\serenity\8b7bfb83ce154c5cbc24ee5011abc2e34da2e0bdc274555692c5de88a6ea1aa1.json (using temp file C:\Users\pares\IdeaProjects\restful-booker-serenity-project\target\site\serenity\8b7bfb83ce154c5cbc24ee5011abc2e34da2e0bdc274555692c5de88a6ea1aa1.json79c189a1-e73c-448f-a0bf-5862237234b4)
6274 [pool-2-thread-3] INFO net.thucydides.core.reports.html.HtmlAcceptanceTestReporter - GENERATING HTML REPORT FOR Booking CRUD test:test003 in b6a2ace1af86e27ee18878618b815c54a1b9051023618248f441ff32fcc6d863.html in directory target\site\serenity  
6274 [pool-2-thread-2] INFO net.thucydides.core.reports.html.HtmlAcceptanceTestReporter - GENERATING HTML REPORT FOR Booking CRUD test:test002 in f8cc19e8f23c49e026da1a503ee27798359bebf5d94c7390550e964544ca9406.html in directory target\site\serenity  
6274 [pool-2-thread-6] INFO net.thucydides.core.reports.html.HtmlAcceptanceTestReporter - GENERATING HTML REPORT FOR Booking CRUD test:test006 in b01dfdff0ea039b82799ab5d32c72ead6a6453db8f3c8f46ca551531cc9a84f1.html in directory target\site\serenity  
6274 [pool-2-thread-1] INFO net.thucydides.core.reports.html.HtmlAcceptanceTestReporter - GENERATING HTML REPORT FOR Booking CRUD test:test001 in 8b7bfb83ce154c5cbc24ee5011abc2e34da2e0bdc274555692c5de88a6ea1aa1.html in directory target\site\serenity  
6274 [pool-2-thread-7] INFO net.thucydides.core.reports.html.HtmlAcceptanceTestReporter - GENERATING HTML REPORT FOR Booking CRUD test:test007 in 27dae8483f4e9df6c6dabd86c7acbc3da48ca89044e088e3d58230e03f716850.html in directory target\site\serenity  
6274 [pool-2-thread-5] INFO net.thucydides.core.reports.html.HtmlAcceptanceTestReporter - GENERATING HTML REPORT FOR Booking CRUD test:test005 in 9aa9392b1c47b6b0377e3fedd5ffc05ce5aebfda07560ecd8100e4ab84fa11c5.html in directory target\site\serenity  
6274 [pool-2-thread-4] INFO net.thucydides.core.reports.html.HtmlAcceptanceTestReporter - GENERATING HTML REPORT FOR Booking CRUD test:test004 in 231952ecdc4dcad2b3f25719ed0932cb5f3c155edf7afd3b90ad9322d6341a28.html in directory target\site\serenity  
]]></system-err>
  </testcase>
  <testcase name="test002" classname="com.restful.booker.CreateBookingDataDrivenTest" time="0">
    <error type="java.lang.NullPointerException:">java.lang.NullPointerException: null
	at com.restful.booker.CreateBookingDataDrivenTest.test002(CreateBookingDataDrivenTest.java:42)
</error>
  </testcase>
  <testcase name="test003" classname="com.restful.booker.CreateBookingDataDrivenTest" time="0">
    <error type="java.lang.NullPointerException:">java.lang.NullPointerException: null
	at com.restful.booker.CreateBookingDataDrivenTest.test003(CreateBookingDataDrivenTest.java:51)
</error>
  </testcase>
  <testcase name="test004" classname="com.restful.booker.CreateBookingDataDrivenTest" time="0">
    <error type="java.lang.NullPointerException:">java.lang.NullPointerException: null
	at com.restful.booker.CreateBookingDataDrivenTest.test004(CreateBookingDataDrivenTest.java:58)
</error>
  </testcase>
</testsuite>