<?xml version="1.0" encoding="UTF-8"?><testsuite errors="0" failures="0" name="com.restful.booker.bookinginfo.BookingCRUDTest" skipped="0" tests="7" time="5.72" timestamp="2023-06-06T22:58:38.159+01:00[Europe/London]"><testcase classname="com.restful.booker.bookinginfo.BookingCRUDTest" name="This test will generate token"/><testcase classname="com.restful.booker.bookinginfo.BookingCRUDTest" name="This test will get all booking ids"/><testcase classname="com.restful.booker.bookinginfo.BookingCRUDTest" name="This test will add new booking information to application and verify the booking has been added by bookingid"/><testcase classname="com.restful.booker.bookinginfo.BookingCRUDTest" name="This test get single booking information by id "/><testcase classname="com.restful.booker.bookinginfo.BookingCRUDTest" name="This test will update existing booking information and verify the booking has been updated by booking id "/><testcase classname="com.restful.booker.bookinginfo.BookingCRUDTest" name="This test will only partially update booking information to application by bookingid"/><testcase classname="com.restful.booker.bookinginfo.BookingCRUDTest" name="This test will delete booking information in the application"/></testsuite>