<?xml version="1.0" encoding="UTF-8"?><testsuite errors="0" failures="0" name="com.restful.booker.CreateBookingDataDrivenTest" skipped="0" tests="48" time="25.29" timestamp="2023-06-06T22:51:04.880+01:00[Europe/London]"><testcase classname="com.restful.booker.CreateBookingDataDrivenTest" name="This test will generate token"/><testcase classname="com.restful.booker.CreateBookingDataDrivenTest" name="This test will delete booking information in the application"/><testcase classname="com.restful.booker.CreateBookingDataDrivenTest" name="This test will add new booking information to application and verify the booking has been added by bookingid"/><testcase classname="com.restful.booker.CreateBookingDataDrivenTest" name="Get created record by it's booking id "/></testsuite>